CONFIG
├── data
│   └── _target_: src.data.custom_datamodule.T3ALDataModule                                                                                                                                                                                                         
│       batch_size: 1                                                                                                                                                                                                                                               
│       num_workers: 1                                                                                                                                                                                                                                              
│       pin_memory: false                                                                                                                                                                                                                                           
│       nsplit: 0                                                                                                                                                                                                                                                   
│       config: ./config/thumos.yaml                                                                                                                                                                                                                                
│                                                                                                                                                                                                                                                                   
├── model
│   └── _target_: src.models.tf_method_module.T3AL0Module                                                                                                                                                                                                           
│       split: 0                                                                                                                                                                                                                                                    
│       dataset: thumos                                                                                                                                                                                                                                             
│       setting: 50                                                                                                                                                                                                                                                 
│       video_path: /home/def/fewshot/data/                                                                                                                                                                                                                         
│       net:                                                                                                                                                                                                                                                        
│         _target_: src.models.components.tf_method.T3AL0Net                                                                                                                                                                                                        
│         dataset: thumos                                                                                                                                                                                                                                           
│         split: 0                                                                                                                                                                                                                                                  
│         setting: 50                                                                                                                                                                                                                                               
│         kernel_size: 20                                                                                                                                                                                                                                           
│         stride: 20                                                                                                                                                                                                                                                
│         visualize: false                                                                                                                                                                                                                                          
│         normalize: true                                                                                                                                                                                                                                           
│         remove_background: true                                                                                                                                                                                                                                   
│         video_path: /home/def/fewshot/data/                                                                                                                                                                                                                       
│                                                                                                                                                                                                                                                                   
├── callbacks
│   └── model_checkpoint:                                                                                                                                                                                                                                           
│         _target_: lightning.pytorch.callbacks.ModelCheckpoint                                                                                                                                                                                                     
│         dirpath: /home/def/fewshot/logs/train/runs/2025-02-04_11-24-28/checkpoints                                                                                                                                                                                
│         filename: epoch_{epoch:03d}                                                                                                                                                                                                                               
│         monitor: null                                                                                                                                                                                                                                             
│         verbose: false                                                                                                                                                                                                                                            
│         save_last: true                                                                                                                                                                                                                                           
│         save_top_k: 1                                                                                                                                                                                                                                             
│         mode: max                                                                                                                                                                                                                                                 
│         auto_insert_metric_name: false                                                                                                                                                                                                                            
│         save_weights_only: false                                                                                                                                                                                                                                  
│         every_n_train_steps: null                                                                                                                                                                                                                                 
│         train_time_interval: null                                                                                                                                                                                                                                 
│         every_n_epochs: null                                                                                                                                                                                                                                      
│         save_on_train_epoch_end: null                                                                                                                                                                                                                             
│       model_summary:                                                                                                                                                                                                                                              
│         _target_: lightning.pytorch.callbacks.RichModelSummary                                                                                                                                                                                                    
│         max_depth: -1                                                                                                                                                                                                                                             
│       rich_progress_bar:                                                                                                                                                                                                                                          
│         _target_: lightning.pytorch.callbacks.RichProgressBar                                                                                                                                                                                                     
│                                                                                                                                                                                                                                                                   
├── logger
│   └── wandb:                                                                                                                                                                                                                                                      
│         _target_: lightning.pytorch.loggers.wandb.WandbLogger                                                                                                                                                                                                     
│         save_dir: /home/def/fewshot/logs/train/runs/2025-02-04_11-24-28                                                                                                                                                                                           
│         offline: false                                                                                                                                                                                                                                            
│         id: null                                                                                                                                                                                                                                                  
│         anonymous: null                                                                                                                                                                                                                                           
│         project: TAD                                                                                                                                                                                                                                              
│         log_model: false                                                                                                                                                                                                                                          
│         prefix: ''                                                                                                                                                                                                                                                
│         group: ''                                                                                                                                                                                                                                                 
│         tags: []                                                                                                                                                                                                                                                  
│         job_type: ''                                                                                                                                                                                                                                              
│         name: thumos                                                                                                                                                                                                                                              
│                                                                                                                                                                                                                                                                   
├── trainer
│   └── _target_: lightning.pytorch.trainer.Trainer                                                                                                                                                                                                                 
│       default_root_dir: /home/def/fewshot/logs/train/runs/2025-02-04_11-24-28                                                                                                                                                                                     
│       min_epochs: 1                                                                                                                                                                                                                                               
│       max_epochs: 0                                                                                                                                                                                                                                               
│       accelerator: gpu                                                                                                                                                                                                                                            
│       devices: 1                                                                                                                                                                                                                                                  
│       check_val_every_n_epoch: 1                                                                                                                                                                                                                                  
│       deterministic: false                                                                                                                                                                                                                                        
│                                                                                                                                                                                                                                                                   
├── paths
│   └── root_dir: /home/def/fewshot                                                                                                                                                                                                                                 
│       data_dir: /home/def/fewshot/data/                                                                                                                                                                                                                           
│       log_dir: /home/def/fewshot/logs/                                                                                                                                                                                                                            
│       output_dir: /home/def/fewshot/logs/train/runs/2025-02-04_11-24-28                                                                                                                                                                                           
│       work_dir: /home/def/fewshot                                                                                                                                                                                                                                 
│                                                                                                                                                                                                                                                                   
├── extras
│   └── ignore_warnings: false                                                                                                                                                                                                                                      
│       enforce_tags: true                                                                                                                                                                                                                                          
│       print_config: true                                                                                                                                                                                                                                          
│                                                                                                                                                                                                                                                                   
├── task_name
│   └── train                                                                                                                                                                                                                                                       
├── tags
│   └── ['dev']                                                                                                                                                                                                                                                     
├── train
│   └── True                                                                                                                                                                                                                                                        
├── test
│   └── True                                                                                                                                                                                                                                                        
├── compile
│   └── False                                                                                                                                                                                                                                                       
├── ckpt_path
│   └── None                                                                                                                                                                                                                                                        
├── seed
│   └── 12345                                                                                                                                                                                                                                                       
└── exp_name
    └── thumos                                                                                                                                                                                                                                                      
